# JRE version: Java(TM) SE Runtime Environment (8.0_201-b09) (build 1.8.0_201-b09)
# Java VM: Java HotSpot(TM) 64-Bit Server VM (25.201-b09 mixed mode windows-amd64 compressed oops)
Heap:
 PSYoungGen      total 179712K, used 37072K [0x000000076ab00000, 0x0000000778a80000, 0x00000007c0000000)
  eden space 156160K, 8% used [0x000000076ab00000,0x000000076b836ed0,0x0000000774380000)
  from space 23552K, 99% used [0x0000000774380000,0x0000000775a7d4d0,0x0000000775a80000)
  to   space 27648K, 0% used [0x0000000776f80000,0x0000000776f80000,0x0000000778a80000)
 ParOldGen       total 281600K, used 45006K [0x00000006c0000000, 0x00000006d1300000, 0x000000076ab00000)
  object space 281600K, 15% used [0x00000006c0000000,0x00000006c2bf3980,0x00000006d1300000)
 Metaspace       used 68426K, capacity 71162K, committed 71424K, reserved 1110016K
  class space    used 9233K, capacity 9866K, committed 9984K, reserved 1048576K
GC Heap History (10 events):
Event: 8.865 GC heap before
{Heap before GC invocations=10 (full 2):
 PSYoungGen      total 110080K, used 109820K [0x000000076ab00000, 0x0000000774a00000, 0x00000007c0000000)
  eden space 95744K, 100% used [0x000000076ab00000,0x0000000770880000,0x0000000770880000)
  from space 14336K, 98% used [0x0000000770880000,0x000000077163f0c0,0x0000000771680000)
  to   space 15872K, 0% used [0x0000000773a80000,0x0000000773a80000,0x0000000774a00000)
 ParOldGen       total 188416K, used 20241K [0x00000006c0000000, 0x00000006cb800000, 0x000000076ab00000)
  object space 188416K, 10% used [0x00000006c0000000,0x00000006c13c45c0,0x00000006cb800000)
 Metaspace       used 52656K, capacity 54096K, committed 54272K, reserved 1095680K
  class space    used 7294K, capacity 7650K, committed 7680K, reserved 1048576K
Event: 8.874 GC heap after
Heap after GC invocations=10 (full 2):
 PSYoungGen      total 144384K, used 15856K [0x000000076ab00000, 0x0000000775200000, 0x00000007c0000000)
  eden space 128512K, 0% used [0x000000076ab00000,0x000000076ab00000,0x0000000772880000)
  from space 15872K, 99% used [0x0000000773a80000,0x00000007749fc118,0x0000000774a00000)
  to   space 18432K, 0% used [0x0000000772880000,0x0000000772880000,0x0000000773a80000)
 ParOldGen       total 188416K, used 21852K [0x00000006c0000000, 0x00000006cb800000, 0x000000076ab00000)
  object space 188416K, 11% used [0x00000006c0000000,0x00000006c1557020,0x00000006cb800000)
 Metaspace       used 52656K, capacity 54096K, committed 54272K, reserved 1095680K
  class space    used 7294K, capacity 7650K, committed 7680K, reserved 1048576K
}
Event: 9.697 GC heap before
{Heap before GC invocations=11 (full 2):
 PSYoungGen      total 144384K, used 139982K [0x000000076ab00000, 0x0000000775200000, 0x00000007c0000000)
  eden space 128512K, 96% used [0x000000076ab00000,0x0000000772437a10,0x0000000772880000)
  from space 15872K, 99% used [0x0000000773a80000,0x00000007749fc118,0x0000000774a00000)
  to   space 18432K, 0% used [0x0000000772880000,0x0000000772880000,0x0000000773a80000)
 ParOldGen       total 188416K, used 21852K [0x00000006c0000000, 0x00000006cb800000, 0x000000076ab00000)
  object space 188416K, 11% used [0x00000006c0000000,0x00000006c1557020,0x00000006cb800000)
 Metaspace       used 57174K, capacity 59040K, committed 59136K, reserved 1099776K
  class space    used 7897K, capacity 8375K, committed 8448K, reserved 1048576K
Event: 9.709 GC heap after
Heap after GC invocations=11 (full 2):
 PSYoungGen      total 146944K, used 18412K [0x000000076ab00000, 0x0000000777800000, 0x00000007c0000000)
  eden space 128512K, 0% used [0x000000076ab00000,0x000000076ab00000,0x0000000772880000)
  from space 18432K, 99% used [0x0000000772880000,0x0000000773a7b340,0x0000000773a80000)
  to   space 23040K, 0% used [0x0000000776180000,0x0000000776180000,0x0000000777800000)
 ParOldGen       total 188416K, used 28416K [0x00000006c0000000, 0x00000006cb800000, 0x000000076ab00000)
  object space 188416K, 15% used [0x00000006c0000000,0x00000006c1bc00f8,0x00000006cb800000)
 Metaspace       used 57174K, capacity 59040K, committed 59136K, reserved 1099776K
  class space    used 7897K, capacity 8375K, committed 8448K, reserved 1048576K
}
Event: 9.709 GC heap before
{Heap before GC invocations=12 (full 3):
 PSYoungGen      total 146944K, used 18412K [0x000000076ab00000, 0x0000000777800000, 0x00000007c0000000)
  eden space 128512K, 0% used [0x000000076ab00000,0x000000076ab00000,0x0000000772880000)
  from space 18432K, 99% used [0x0000000772880000,0x0000000773a7b340,0x0000000773a80000)
  to   space 23040K, 0% used [0x0000000776180000,0x0000000776180000,0x0000000777800000)
 ParOldGen       total 188416K, used 28416K [0x00000006c0000000, 0x00000006cb800000, 0x000000076ab00000)
  object space 188416K, 15% used [0x00000006c0000000,0x00000006c1bc00f8,0x00000006cb800000)
 Metaspace       used 57174K, capacity 59040K, committed 59136K, reserved 1099776K
  class space    used 7897K, capacity 8375K, committed 8448K, reserved 1048576K
Event: 9.822 GC heap after
Heap after GC invocations=12 (full 3):
 PSYoungGen      total 146944K, used 0K [0x000000076ab00000, 0x0000000777800000, 0x00000007c0000000)
  eden space 128512K, 0% used [0x000000076ab00000,0x000000076ab00000,0x0000000772880000)
  from space 18432K, 0% used [0x0000000772880000,0x0000000772880000,0x0000000773a80000)
  to   space 23040K, 0% used [0x0000000776180000,0x0000000776180000,0x0000000777800000)
 ParOldGen       total 281600K, used 41934K [0x00000006c0000000, 0x00000006d1300000, 0x000000076ab00000)
  object space 281600K, 14% used [0x00000006c0000000,0x00000006c28f3bc8,0x00000006d1300000)
 Metaspace       used 57174K, capacity 59040K, committed 59136K, reserved 1099776K
  class space    used 7897K, capacity 8375K, committed 8448K, reserved 1048576K
}
Event: 11.810 GC heap before
{Heap before GC invocations=13 (full 3):
 PSYoungGen      total 146944K, used 128512K [0x000000076ab00000, 0x0000000777800000, 0x00000007c0000000)
  eden space 128512K, 100% used [0x000000076ab00000,0x0000000772880000,0x0000000772880000)
  from space 18432K, 0% used [0x0000000772880000,0x0000000772880000,0x0000000773a80000)
  to   space 23040K, 0% used [0x0000000776180000,0x0000000776180000,0x0000000777800000)
 ParOldGen       total 281600K, used 41934K [0x00000006c0000000, 0x00000006d1300000, 0x000000076ab00000)
  object space 281600K, 14% used [0x00000006c0000000,0x00000006c28f3bc8,0x00000006d1300000)
 Metaspace       used 63497K, capacity 65850K, committed 66048K, reserved 1105920K
  class space    used 8872K, capacity 9412K, committed 9472K, reserved 1048576K
Event: 11.821 GC heap after
Heap after GC invocations=13 (full 3):
 PSYoungGen      total 167936K, used 16262K [0x000000076ab00000, 0x0000000777180000, 0x00000007c0000000)
  eden space 151552K, 0% used [0x000000076ab00000,0x000000076ab00000,0x0000000773f00000)
  from space 16384K, 99% used [0x0000000776180000,0x0000000777161b80,0x0000000777180000)
  to   space 23552K, 0% used [0x0000000774380000,0x0000000774380000,0x0000000775a80000)
 ParOldGen       total 281600K, used 41942K [0x00000006c0000000, 0x00000006d1300000, 0x000000076ab00000)
  object space 281600K, 14% used [0x00000006c0000000,0x00000006c28f5bc8,0x00000006d1300000)
 Metaspace       used 63497K, capacity 65850K, committed 66048K, reserved 1105920K
  class space    used 8872K, capacity 9412K, committed 9472K, reserved 1048576K
}
Event: 131.647 GC heap before
{Heap before GC invocations=14 (full 3):
 PSYoungGen      total 167936K, used 167814K [0x000000076ab00000, 0x0000000777180000, 0x00000007c0000000)
  eden space 151552K, 100% used [0x000000076ab00000,0x0000000773f00000,0x0000000773f00000)
  from space 16384K, 99% used [0x0000000776180000,0x0000000777161b80,0x0000000777180000)
  to   space 23552K, 0% used [0x0000000774380000,0x0000000774380000,0x0000000775a80000)
 ParOldGen       total 281600K, used 41942K [0x00000006c0000000, 0x00000006d1300000, 0x000000076ab00000)
  object space 281600K, 14% used [0x00000006c0000000,0x00000006c28f5bc8,0x00000006d1300000)
 Metaspace       used 68349K, capacity 71016K, committed 71168K, reserved 1110016K
  class space    used 9231K, capacity 9863K, committed 9984K, reserved 1048576K
Event: 131.667 GC heap after
Heap after GC invocations=14 (full 3):
 PSYoungGen      total 179712K, used 23541K [0x000000076ab00000, 0x0000000778a80000, 0x00000007c0000000)
  eden space 156160K, 0% used [0x000000076ab00000,0x000000076ab00000,0x0000000774380000)
  from space 23552K, 99% used [0x0000000774380000,0x0000000775a7d4d0,0x0000000775a80000)
  to   space 27648K, 0% used [0x0000000776f80000,0x0000000776f80000,0x0000000778a80000)
 ParOldGen       total 281600K, used 45006K [0x00000006c0000000, 0x00000006d1300000, 0x000000076ab00000)
  object space 281600K, 15% used [0x00000006c0000000,0x00000006c2bf3980,0x00000006d1300000)
 Metaspace       used 68349K, capacity 71016K, committed 71168K, reserved 1110016K
  class space    used 9231K, capacity 9863K, committed 9984K, reserved 1048576K
}

