# JRE version: OpenJDK Runtime Environment (8.0_202-b03) (build 1.8.0_202-release-1483-b03)
# Java VM: OpenJDK 64-Bit Server VM (25.202-b03 mixed mode windows-amd64 compressed oops)
Heap:
 PSYoungGen      total 849920K, used 64881K [0x000000076ab00000, 0x00000007b0980000, 0x00000007c0000000)
  eden space 662528K, 0% used [0x000000076ab00000,0x000000076ab00000,0x0000000793200000)
  from space 187392K, 34% used [0x0000000793200000,0x000000079715c778,0x000000079e900000)
  to   space 177664K, 0% used [0x00000007a5c00000,0x00000007a5c00000,0x00000007b0980000)
 ParOldGen       total 699904K, used 699413K [0x00000006c0000000, 0x00000006eab80000, 0x000000076ab00000)
  object space 699904K, 99% used [0x00000006c0000000,0x00000006eab05548,0x00000006eab80000)
 Metaspace       used 92137K, capacity 97764K, committed 98048K, reserved 1134592K
  class space    used 12315K, capacity 13478K, committed 13568K, reserved 1048576K
GC Heap History (10 events):
Event: 135.981 GC heap after
Heap after GC invocations=35 (full 4):
 PSYoungGen      total 684544K, used 23876K [0x000000076ab00000, 0x00000007a1c80000, 0x00000007c0000000)
  eden space 526848K, 0% used [0x000000076ab00000,0x000000076ab00000,0x000000078ad80000)
  from space 157696K, 15% used [0x000000078ad80000,0x000000078c4d1238,0x0000000794780000)
  to   space 148480K, 0% used [0x0000000798b80000,0x0000000798b80000,0x00000007a1c80000)
 ParOldGen       total 638976K, used 444925K [0x00000006c0000000, 0x00000006e7000000, 0x000000076ab00000)
  object space 638976K, 69% used [0x00000006c0000000,0x00000006db27f430,0x00000006e7000000)
 Metaspace       used 83688K, capacity 88604K, committed 88960K, reserved 1126400K
  class space    used 11083K, capacity 12080K, committed 12160K, reserved 1048576K
}
Event: 139.925 GC heap before
{Heap before GC invocations=36 (full 4):
 PSYoungGen      total 684544K, used 550724K [0x000000076ab00000, 0x00000007a1c80000, 0x00000007c0000000)
  eden space 526848K, 100% used [0x000000076ab00000,0x000000078ad80000,0x000000078ad80000)
  from space 157696K, 15% used [0x000000078ad80000,0x000000078c4d1238,0x0000000794780000)
  to   space 148480K, 0% used [0x0000000798b80000,0x0000000798b80000,0x00000007a1c80000)
 ParOldGen       total 638976K, used 444925K [0x00000006c0000000, 0x00000006e7000000, 0x000000076ab00000)
  object space 638976K, 69% used [0x00000006c0000000,0x00000006db27f430,0x00000006e7000000)
 Metaspace       used 84212K, capacity 89264K, committed 89600K, reserved 1126400K
  class space    used 11139K, capacity 12198K, committed 12288K, reserved 1048576K
Event: 139.977 GC heap after
Heap after GC invocations=36 (full 4):
 PSYoungGen      total 729600K, used 41935K [0x000000076ab00000, 0x00000007a0780000, 0x00000007c0000000)
  eden space 602624K, 0% used [0x000000076ab00000,0x000000076ab00000,0x000000078f780000)
  from space 126976K, 33% used [0x0000000798b80000,0x000000079b473e90,0x00000007a0780000)
  to   space 139264K, 0% used [0x000000078f780000,0x000000078f780000,0x0000000797f80000)
 ParOldGen       total 638976K, used 465329K [0x00000006c0000000, 0x00000006e7000000, 0x000000076ab00000)
  object space 638976K, 72% used [0x00000006c0000000,0x00000006dc66c430,0x00000006e7000000)
 Metaspace       used 84212K, capacity 89264K, committed 89600K, reserved 1126400K
  class space    used 11139K, capacity 12198K, committed 12288K, reserved 1048576K
}
Event: 140.822 GC heap before
{Heap before GC invocations=37 (full 4):
 PSYoungGen      total 729600K, used 644559K [0x000000076ab00000, 0x00000007a0780000, 0x00000007c0000000)
  eden space 602624K, 100% used [0x000000076ab00000,0x000000078f780000,0x000000078f780000)
  from space 126976K, 33% used [0x0000000798b80000,0x000000079b473e90,0x00000007a0780000)
  to   space 139264K, 0% used [0x000000078f780000,0x000000078f780000,0x0000000797f80000)
 ParOldGen       total 638976K, used 465354K [0x00000006c0000000, 0x00000006e7000000, 0x000000076ab00000)
  object space 638976K, 72% used [0x00000006c0000000,0x00000006dc672a88,0x00000006e7000000)
 Metaspace       used 85002K, capacity 90062K, committed 90240K, reserved 1126400K
  class space    used 11273K, capacity 12337K, committed 12416K, reserved 1048576K
Event: 140.873 GC heap after
Heap after GC invocations=37 (full 4):
 PSYoungGen      total 741888K, used 115137K [0x000000076ab00000, 0x00000007a8300000, 0x00000007c0000000)
  eden space 602624K, 0% used [0x000000076ab00000,0x000000076ab00000,0x000000078f780000)
  from space 139264K, 82% used [0x000000078f780000,0x00000007967f0558,0x0000000797f80000)
  to   space 157696K, 0% used [0x000000079e900000,0x000000079e900000,0x00000007a8300000)
 ParOldGen       total 638976K, used 486410K [0x00000006c0000000, 0x00000006e7000000, 0x000000076ab00000)
  object space 638976K, 76% used [0x00000006c0000000,0x00000006ddb02ac8,0x00000006e7000000)
 Metaspace       used 85002K, capacity 90062K, committed 90240K, reserved 1126400K
  class space    used 11273K, capacity 12337K, committed 12416K, reserved 1048576K
}
Event: 141.397 GC heap before
{Heap before GC invocations=38 (full 4):
 PSYoungGen      total 741888K, used 717761K [0x000000076ab00000, 0x00000007a8300000, 0x00000007c0000000)
  eden space 602624K, 100% used [0x000000076ab00000,0x000000078f780000,0x000000078f780000)
  from space 139264K, 82% used [0x000000078f780000,0x00000007967f0558,0x0000000797f80000)
  to   space 157696K, 0% used [0x000000079e900000,0x000000079e900000,0x00000007a8300000)
 ParOldGen       total 638976K, used 486413K [0x00000006c0000000, 0x00000006e7000000, 0x000000076ab00000)
  object space 638976K, 76% used [0x00000006c0000000,0x00000006ddb037c8,0x00000006e7000000)
 Metaspace       used 86632K, capacity 91858K, committed 92032K, reserved 1128448K
  class space    used 11471K, capacity 12549K, committed 12672K, reserved 1048576K
Event: 141.477 GC heap after
Heap after GC invocations=38 (full 4):
 PSYoungGen      total 820224K, used 155868K [0x000000076ab00000, 0x00000007ad300000, 0x00000007c0000000)
  eden space 662528K, 0% used [0x000000076ab00000,0x000000076ab00000,0x0000000793200000)
  from space 157696K, 98% used [0x000000079e900000,0x00000007a81370b0,0x00000007a8300000)
  to   space 187392K, 0% used [0x0000000793200000,0x0000000793200000,0x000000079e900000)
 ParOldGen       total 638976K, used 554296K [0x00000006c0000000, 0x00000006e7000000, 0x000000076ab00000)
  object space 638976K, 86% used [0x00000006c0000000,0x00000006e1d4e320,0x00000006e7000000)
 Metaspace       used 86632K, capacity 91858K, committed 92032K, reserved 1128448K
  class space    used 11471K, capacity 12549K, committed 12672K, reserved 1048576K
}
Event: 142.437 GC heap before
{Heap before GC invocations=39 (full 4):
 PSYoungGen      total 820224K, used 818396K [0x000000076ab00000, 0x00000007ad300000, 0x00000007c0000000)
  eden space 662528K, 100% used [0x000000076ab00000,0x0000000793200000,0x0000000793200000)
  from space 157696K, 98% used [0x000000079e900000,0x00000007a81370b0,0x00000007a8300000)
  to   space 187392K, 0% used [0x0000000793200000,0x0000000793200000,0x000000079e900000)
 ParOldGen       total 638976K, used 554296K [0x00000006c0000000, 0x00000006e7000000, 0x000000076ab00000)
  object space 638976K, 86% used [0x00000006c0000000,0x00000006e1d4e320,0x00000006e7000000)
 Metaspace       used 92137K, capacity 97764K, committed 98048K, reserved 1134592K
  class space    used 12315K, capacity 13478K, committed 13568K, reserved 1048576K
Event: 142.529 GC heap after
Heap after GC invocations=39 (full 4):
 PSYoungGen      total 849920K, used 64881K [0x000000076ab00000, 0x00000007b0980000, 0x00000007c0000000)
  eden space 662528K, 0% used [0x000000076ab00000,0x000000076ab00000,0x0000000793200000)
  from space 187392K, 34% used [0x0000000793200000,0x000000079715c778,0x000000079e900000)
  to   space 177664K, 0% used [0x00000007a5c00000,0x00000007a5c00000,0x00000007b0980000)
 ParOldGen       total 699904K, used 699413K [0x00000006c0000000, 0x00000006eab80000, 0x000000076ab00000)
  object space 699904K, 99% used [0x00000006c0000000,0x00000006eab05548,0x00000006eab80000)
 Metaspace       used 92137K, capacity 97764K, committed 98048K, reserved 1134592K
  class space    used 12315K, capacity 13478K, committed 13568K, reserved 1048576K
}
Event: 142.529 GC heap before
{Heap before GC invocations=40 (full 5):
 PSYoungGen      total 849920K, used 64881K [0x000000076ab00000, 0x00000007b0980000, 0x00000007c0000000)
  eden space 662528K, 0% used [0x000000076ab00000,0x000000076ab00000,0x0000000793200000)
  from space 187392K, 34% used [0x0000000793200000,0x000000079715c778,0x000000079e900000)
  to   space 177664K, 0% used [0x00000007a5c00000,0x00000007a5c00000,0x00000007b0980000)
 ParOldGen       total 699904K, used 699413K [0x00000006c0000000, 0x00000006eab80000, 0x000000076ab00000)
  object space 699904K, 99% used [0x00000006c0000000,0x00000006eab05548,0x00000006eab80000)
 Metaspace       used 92137K, capacity 97764K, committed 98048K, reserved 1134592K
  class space    used 12315K, capacity 13478K, committed 13568K, reserved 1048576K

